{"contracts/Governance/EulerToken.sol":{"l":{"65":25,"66":25,"76":0,"88":0,"89":0,"90":0,"92":0,"95":0,"97":0,"98":0,"107":3,"117":22,"118":22,"119":22,"130":0,"131":0,"132":0,"134":0,"135":0,"136":0,"138":0,"141":0,"142":0,"150":20,"163":2,"164":2,"165":2,"166":2,"167":2,"168":0,"169":0,"170":0,"179":0,"180":0,"191":56,"193":55,"194":55,"195":3,"199":52,"200":42,"204":10,"205":4,"208":6,"209":6,"210":6,"211":11,"212":11,"213":11,"214":2,"216":2,"218":7,"221":4,"225":20,"226":20,"227":20,"229":20,"231":20,"235":22,"236":22,"238":22,"239":22,"240":22,"242":22,"246":42,"247":37,"248":16,"249":16,"250":16,"251":16,"254":37,"255":23,"256":23,"257":23,"258":23,"264":39,"266":39,"267":0,"269":39,"270":39,"273":39,"277":39,"278":39,"282":22,"283":22,"287":45,"288":45,"289":45,"293":38,"294":38,"298":2,"299":2,"300":2},"path":"/Users/nemitariajienka/Desktop/projects/governance/contracts/Governance/EulerToken.sol","s":{"1":25,"2":25,"3":0,"4":0,"5":0,"6":0,"7":0,"8":0,"9":0,"10":0,"11":3,"12":22,"13":22,"14":22,"15":0,"16":0,"17":0,"18":0,"19":0,"20":0,"21":0,"22":0,"23":0,"24":20,"25":2,"26":2,"27":2,"28":2,"29":2,"30":0,"31":0,"32":0,"33":0,"34":0,"35":56,"36":55,"37":55,"38":3,"39":52,"40":42,"41":10,"42":4,"43":6,"44":6,"45":6,"46":11,"47":11,"48":11,"49":2,"50":9,"51":2,"52":7,"53":4,"54":20,"55":20,"56":20,"57":20,"58":20,"59":22,"60":22,"61":22,"62":22,"63":22,"64":22,"65":42,"66":37,"67":16,"68":16,"69":16,"70":16,"71":37,"72":23,"73":23,"74":23,"75":23,"76":39,"77":39,"78":0,"79":39,"80":39,"81":39,"82":39,"83":39,"84":22,"85":22,"86":45,"87":45,"88":45,"89":38,"90":38,"91":2,"92":2},"b":{"1":[0,0],"2":[0,0],"3":[0,2],"4":[0,0],"5":[0,0],"6":[55,1],"7":[3,52],"8":[42,10],"9":[4,6],"10":[2,9],"11":[2,7],"12":[22,0],"13":[22,0],"14":[37,5],"15":[16,21],"16":[23,14],"17":[0,39],"18":[39,0],"19":[22,0],"20":[45,0],"21":[38,0]},"f":{"1":25,"2":0,"3":0,"4":3,"5":22,"6":0,"7":20,"8":2,"9":0,"10":56,"11":20,"12":22,"13":42,"14":39,"15":39,"16":22,"17":45,"18":38,"19":2},"fnMap":{"1":{"name":"constructor","line":64,"loc":{"start":{"line":64,"column":4},"end":{"line":67,"column":4}}},"2":{"name":"allowance","line":75,"loc":{"start":{"line":75,"column":4},"end":{"line":77,"column":4}}},"3":{"name":"approve","line":87,"loc":{"start":{"line":87,"column":4},"end":{"line":99,"column":4}}},"4":{"name":"balanceOf","line":106,"loc":{"start":{"line":106,"column":4},"end":{"line":108,"column":4}}},"5":{"name":"transfer","line":116,"loc":{"start":{"line":116,"column":4},"end":{"line":120,"column":4}}},"6":{"name":"transferFrom","line":129,"loc":{"start":{"line":129,"column":4},"end":{"line":143,"column":4}}},"7":{"name":"delegate","line":149,"loc":{"start":{"line":149,"column":4},"end":{"line":151,"column":4}}},"8":{"name":"delegateBySig","line":162,"loc":{"start":{"line":162,"column":4},"end":{"line":171,"column":4}}},"9":{"name":"getCurrentVotes","line":178,"loc":{"start":{"line":178,"column":4},"end":{"line":181,"column":4}}},"10":{"name":"getPriorVotes","line":190,"loc":{"start":{"line":190,"column":4},"end":{"line":222,"column":4}}},"11":{"name":"_delegate","line":224,"loc":{"start":{"line":224,"column":4},"end":{"line":232,"column":4}}},"12":{"name":"_transferTokens","line":234,"loc":{"start":{"line":234,"column":4},"end":{"line":243,"column":4}}},"13":{"name":"_moveDelegates","line":245,"loc":{"start":{"line":245,"column":4},"end":{"line":261,"column":4}}},"14":{"name":"_writeCheckpoint","line":263,"loc":{"start":{"line":263,"column":4},"end":{"line":274,"column":4}}},"15":{"name":"safe32","line":276,"loc":{"start":{"line":276,"column":4},"end":{"line":279,"column":4}}},"16":{"name":"safe96","line":281,"loc":{"start":{"line":281,"column":4},"end":{"line":284,"column":4}}},"17":{"name":"add96","line":286,"loc":{"start":{"line":286,"column":4},"end":{"line":290,"column":4}}},"18":{"name":"sub96","line":292,"loc":{"start":{"line":292,"column":4},"end":{"line":295,"column":4}}},"19":{"name":"getChainId","line":297,"loc":{"start":{"line":297,"column":4},"end":{"line":301,"column":4}}}},"statementMap":{"1":{"start":{"line":65,"column":8},"end":{"line":65,"column":46}},"2":{"start":{"line":66,"column":8},"end":{"line":66,"column":55}},"3":{"start":{"line":76,"column":8},"end":{"line":76,"column":43}},"4":{"start":{"line":88,"column":8},"end":{"line":88,"column":21}},"5":{"start":{"line":89,"column":8},"end":{"line":89,"column":3719}},"6":{"start":{"line":90,"column":12},"end":{"line":90,"column":30}},"7":{"start":{"line":92,"column":12},"end":{"line":92,"column":77}},"8":{"start":{"line":95,"column":8},"end":{"line":95,"column":47}},"9":{"start":{"line":97,"column":8},"end":{"line":97,"column":50}},"10":{"start":{"line":98,"column":8},"end":{"line":98,"column":19}},"11":{"start":{"line":107,"column":8},"end":{"line":107,"column":32}},"12":{"start":{"line":117,"column":8},"end":{"line":117,"column":82}},"13":{"start":{"line":118,"column":8},"end":{"line":118,"column":47}},"14":{"start":{"line":119,"column":8},"end":{"line":119,"column":19}},"15":{"start":{"line":130,"column":8},"end":{"line":130,"column":36}},"16":{"start":{"line":131,"column":8},"end":{"line":131,"column":58}},"17":{"start":{"line":132,"column":8},"end":{"line":132,"column":81}},"18":{"start":{"line":134,"column":8},"end":{"line":134,"column":5390}},"19":{"start":{"line":135,"column":12},"end":{"line":135,"column":129}},"20":{"start":{"line":136,"column":12},"end":{"line":136,"column":50}},"21":{"start":{"line":138,"column":12},"end":{"line":138,"column":53}},"22":{"start":{"line":141,"column":8},"end":{"line":141,"column":40}},"23":{"start":{"line":142,"column":8},"end":{"line":142,"column":19}},"24":{"start":{"line":150,"column":8},"end":{"line":150,"column":47}},"25":{"start":{"line":163,"column":8},"end":{"line":163,"column":125}},"26":{"start":{"line":164,"column":8},"end":{"line":164,"column":97}},"27":{"start":{"line":165,"column":8},"end":{"line":165,"column":93}},"28":{"start":{"line":166,"column":8},"end":{"line":166,"column":54}},"29":{"start":{"line":167,"column":8},"end":{"line":167,"column":80}},"30":{"start":{"line":168,"column":8},"end":{"line":168,"column":81}},"31":{"start":{"line":169,"column":8},"end":{"line":169,"column":82}},"32":{"start":{"line":170,"column":8},"end":{"line":170,"column":46}},"33":{"start":{"line":179,"column":8},"end":{"line":179,"column":53}},"34":{"start":{"line":180,"column":8},"end":{"line":180,"column":82}},"35":{"start":{"line":191,"column":8},"end":{"line":191,"column":84}},"36":{"start":{"line":193,"column":8},"end":{"line":193,"column":53}},"37":{"start":{"line":194,"column":8},"end":{"line":194,"column":8295}},"38":{"start":{"line":195,"column":12},"end":{"line":195,"column":20}},"39":{"start":{"line":199,"column":8},"end":{"line":199,"column":8404}},"40":{"start":{"line":200,"column":12},"end":{"line":200,"column":63}},"41":{"start":{"line":204,"column":8},"end":{"line":204,"column":8603}},"42":{"start":{"line":205,"column":12},"end":{"line":205,"column":20}},"43":{"start":{"line":208,"column":8},"end":{"line":208,"column":24}},"44":{"start":{"line":209,"column":8},"end":{"line":209,"column":39}},"45":{"start":{"line":210,"column":8},"end":{"line":210,"column":8766}},"46":{"start":{"line":211,"column":12},"end":{"line":211,"column":55}},"47":{"start":{"line":212,"column":12},"end":{"line":212,"column":63}},"48":{"start":{"line":213,"column":12},"end":{"line":213,"column":8955}},"49":{"start":{"line":214,"column":16},"end":{"line":214,"column":31}},"50":{"start":{"line":215,"column":19},"end":{"line":215,"column":9042}},"51":{"start":{"line":216,"column":16},"end":{"line":216,"column":29}},"52":{"start":{"line":218,"column":16},"end":{"line":218,"column":33}},"53":{"start":{"line":221,"column":8},"end":{"line":221,"column":48}},"54":{"start":{"line":225,"column":8},"end":{"line":225,"column":54}},"55":{"start":{"line":226,"column":8},"end":{"line":226,"column":53}},"56":{"start":{"line":227,"column":8},"end":{"line":227,"column":39}},"57":{"start":{"line":229,"column":8},"end":{"line":229,"column":67}},"58":{"start":{"line":231,"column":8},"end":{"line":231,"column":67}},"59":{"start":{"line":235,"column":8},"end":{"line":235,"column":96}},"60":{"start":{"line":236,"column":8},"end":{"line":236,"column":94}},"61":{"start":{"line":238,"column":8},"end":{"line":238,"column":108}},"62":{"start":{"line":239,"column":8},"end":{"line":239,"column":102}},"63":{"start":{"line":240,"column":8},"end":{"line":240,"column":39}},"64":{"start":{"line":242,"column":8},"end":{"line":242,"column":61}},"65":{"start":{"line":246,"column":8},"end":{"line":246,"column":10316}},"66":{"start":{"line":247,"column":12},"end":{"line":247,"column":10370}},"67":{"start":{"line":248,"column":16},"end":{"line":248,"column":57}},"68":{"start":{"line":249,"column":16},"end":{"line":249,"column":95}},"69":{"start":{"line":250,"column":16},"end":{"line":250,"column":102}},"70":{"start":{"line":251,"column":16},"end":{"line":251,"column":72}},"71":{"start":{"line":254,"column":12},"end":{"line":254,"column":10760}},"72":{"start":{"line":255,"column":16},"end":{"line":255,"column":57}},"73":{"start":{"line":256,"column":16},"end":{"line":256,"column":95}},"74":{"start":{"line":257,"column":16},"end":{"line":257,"column":101}},"75":{"start":{"line":258,"column":16},"end":{"line":258,"column":72}},"76":{"start":{"line":264,"column":6},"end":{"line":264,"column":102}},"77":{"start":{"line":266,"column":6},"end":{"line":266,"column":11373}},"78":{"start":{"line":267,"column":10},"end":{"line":267,"column":66}},"79":{"start":{"line":269,"column":10},"end":{"line":269,"column":81}},"80":{"start":{"line":270,"column":10},"end":{"line":270,"column":53}},"81":{"start":{"line":273,"column":6},"end":{"line":273,"column":62}},"82":{"start":{"line":277,"column":8},"end":{"line":277,"column":39}},"83":{"start":{"line":278,"column":8},"end":{"line":278,"column":24}},"84":{"start":{"line":282,"column":8},"end":{"line":282,"column":39}},"85":{"start":{"line":283,"column":8},"end":{"line":283,"column":24}},"86":{"start":{"line":287,"column":8},"end":{"line":287,"column":24}},"87":{"start":{"line":288,"column":8},"end":{"line":288,"column":36}},"88":{"start":{"line":289,"column":8},"end":{"line":289,"column":16}},"89":{"start":{"line":293,"column":8},"end":{"line":293,"column":36}},"90":{"start":{"line":294,"column":8},"end":{"line":294,"column":20}},"91":{"start":{"line":298,"column":8},"end":{"line":298,"column":23}},"92":{"start":{"line":300,"column":8},"end":{"line":300,"column":22}}},"branchMap":{"1":{"line":89,"type":"if","locations":[{"start":{"line":89,"column":8},"end":{"line":89,"column":8}},{"start":{"line":89,"column":8},"end":{"line":89,"column":8}}]},"2":{"line":134,"type":"if","locations":[{"start":{"line":134,"column":8},"end":{"line":134,"column":8}},{"start":{"line":134,"column":8},"end":{"line":134,"column":8}}]},"3":{"line":167,"type":"if","locations":[{"start":{"line":167,"column":8},"end":{"line":167,"column":8}},{"start":{"line":167,"column":8},"end":{"line":167,"column":8}}]},"4":{"line":168,"type":"if","locations":[{"start":{"line":168,"column":8},"end":{"line":168,"column":8}},{"start":{"line":168,"column":8},"end":{"line":168,"column":8}}]},"5":{"line":169,"type":"if","locations":[{"start":{"line":169,"column":8},"end":{"line":169,"column":8}},{"start":{"line":169,"column":8},"end":{"line":169,"column":8}}]},"6":{"line":191,"type":"if","locations":[{"start":{"line":191,"column":8},"end":{"line":191,"column":8}},{"start":{"line":191,"column":8},"end":{"line":191,"column":8}}]},"7":{"line":194,"type":"if","locations":[{"start":{"line":194,"column":8},"end":{"line":194,"column":8}},{"start":{"line":194,"column":8},"end":{"line":194,"column":8}}]},"8":{"line":199,"type":"if","locations":[{"start":{"line":199,"column":8},"end":{"line":199,"column":8}},{"start":{"line":199,"column":8},"end":{"line":199,"column":8}}]},"9":{"line":204,"type":"if","locations":[{"start":{"line":204,"column":8},"end":{"line":204,"column":8}},{"start":{"line":204,"column":8},"end":{"line":204,"column":8}}]},"10":{"line":213,"type":"if","locations":[{"start":{"line":213,"column":12},"end":{"line":213,"column":12}},{"start":{"line":213,"column":12},"end":{"line":213,"column":12}}]},"11":{"line":215,"type":"if","locations":[{"start":{"line":215,"column":19},"end":{"line":215,"column":19}},{"start":{"line":215,"column":19},"end":{"line":215,"column":19}}]},"12":{"line":235,"type":"if","locations":[{"start":{"line":235,"column":8},"end":{"line":235,"column":8}},{"start":{"line":235,"column":8},"end":{"line":235,"column":8}}]},"13":{"line":236,"type":"if","locations":[{"start":{"line":236,"column":8},"end":{"line":236,"column":8}},{"start":{"line":236,"column":8},"end":{"line":236,"column":8}}]},"14":{"line":246,"type":"if","locations":[{"start":{"line":246,"column":8},"end":{"line":246,"column":8}},{"start":{"line":246,"column":8},"end":{"line":246,"column":8}}]},"15":{"line":247,"type":"if","locations":[{"start":{"line":247,"column":12},"end":{"line":247,"column":12}},{"start":{"line":247,"column":12},"end":{"line":247,"column":12}}]},"16":{"line":254,"type":"if","locations":[{"start":{"line":254,"column":12},"end":{"line":254,"column":12}},{"start":{"line":254,"column":12},"end":{"line":254,"column":12}}]},"17":{"line":266,"type":"if","locations":[{"start":{"line":266,"column":6},"end":{"line":266,"column":6}},{"start":{"line":266,"column":6},"end":{"line":266,"column":6}}]},"18":{"line":277,"type":"if","locations":[{"start":{"line":277,"column":8},"end":{"line":277,"column":8}},{"start":{"line":277,"column":8},"end":{"line":277,"column":8}}]},"19":{"line":282,"type":"if","locations":[{"start":{"line":282,"column":8},"end":{"line":282,"column":8}},{"start":{"line":282,"column":8},"end":{"line":282,"column":8}}]},"20":{"line":288,"type":"if","locations":[{"start":{"line":288,"column":8},"end":{"line":288,"column":8}},{"start":{"line":288,"column":8},"end":{"line":288,"column":8}}]},"21":{"line":293,"type":"if","locations":[{"start":{"line":293,"column":8},"end":{"line":293,"column":8}},{"start":{"line":293,"column":8},"end":{"line":293,"column":8}}]}}},"contracts/Governance/Governance.sol":{"l":{"133":13,"134":13,"135":13,"139":28,"140":28,"141":20,"142":18,"144":18,"145":18,"146":7,"147":7,"148":3,"151":14,"152":14,"154":14,"155":14,"156":14,"157":14,"158":14,"159":14,"160":14,"161":14,"162":14,"163":14,"164":14,"165":14,"166":14,"167":14,"168":14,"170":14,"172":14,"173":14,"177":5,"178":5,"179":5,"180":5,"181":7,"183":3,"184":3,"188":7,"189":5,"193":1,"194":1,"195":1,"196":1,"197":1,"199":1,"203":1,"204":1,"206":1,"207":1,"209":1,"210":1,"211":1,"214":1,"218":1,"219":1,"223":4,"227":43,"228":42,"229":42,"230":1,"232":3,"234":21,"236":1,"238":7,"240":2,"242":2,"244":5,"249":17,"253":2,"254":2,"255":2,"256":2,"257":2,"258":0,"262":17,"263":15,"264":15,"265":15,"266":13,"268":13,"269":9,"271":4,"274":13,"275":13,"276":13,"278":13,"282":3,"283":1,"287":0,"288":0,"292":0,"293":0,"297":0,"298":0,"302":53,"303":53,"304":53,"308":28,"309":28,"313":2,"314":2,"315":2},"path":"/Users/nemitariajienka/Desktop/projects/governance/contracts/Governance/Governance.sol","s":{"1":16,"2":28,"3":18,"4":14,"5":14,"6":13,"7":13,"8":13,"9":28,"10":28,"11":20,"12":18,"13":18,"14":18,"15":7,"16":7,"17":3,"18":14,"19":14,"20":14,"21":14,"22":14,"23":14,"24":14,"25":14,"26":14,"27":14,"28":14,"29":14,"30":14,"31":14,"32":14,"33":14,"34":14,"35":14,"36":14,"37":5,"38":5,"39":5,"40":5,"41":7,"42":3,"43":3,"44":7,"45":5,"46":1,"47":1,"48":1,"49":1,"50":1,"51":1,"52":1,"53":1,"54":1,"55":1,"56":1,"57":1,"58":1,"59":1,"60":1,"61":1,"62":4,"63":43,"64":42,"65":42,"66":1,"67":41,"68":3,"69":38,"70":21,"71":17,"72":1,"73":16,"74":7,"75":9,"76":2,"77":7,"78":2,"79":5,"80":17,"81":2,"82":2,"83":2,"84":2,"85":2,"86":0,"87":17,"88":15,"89":15,"90":15,"91":13,"92":13,"93":9,"94":4,"95":13,"96":13,"97":13,"98":13,"99":3,"100":1,"101":0,"102":0,"103":0,"104":0,"105":0,"106":0,"107":53,"108":53,"109":53,"110":28,"111":28,"112":2,"113":2},"b":{"1":[28,0],"2":[20,8],"3":[18,2],"4":[18,0],"5":[7,11],"6":[3,4],"7":[3,0],"8":[5,0],"9":[5,2],"10":[1,0],"11":[1,0],"12":[1,0],"13":[42,1],"14":[1,41],"15":[3,38],"16":[21,17],"17":[1,16],"18":[7,9],"19":[2,7],"20":[2,5],"21":[0,2],"22":[15,2],"23":[13,2],"24":[9,4],"25":[1,2],"26":[0,0],"27":[0,0],"28":[0,0],"29":[53,0],"30":[28,0]},"f":{"1":16,"2":28,"3":18,"4":14,"5":14,"6":13,"7":28,"8":5,"9":7,"10":1,"11":1,"12":1,"13":4,"14":43,"15":17,"16":2,"17":17,"18":3,"19":0,"20":0,"21":0,"22":53,"23":28,"24":2},"fnMap":{"1":{"name":"quorumVotes","line":10,"loc":{"start":{"line":10,"column":4},"end":{"line":10,"column":74}}},"2":{"name":"proposalThreshold","line":13,"loc":{"start":{"line":13,"column":4},"end":{"line":13,"column":80}}},"3":{"name":"proposalMaxOperations","line":16,"loc":{"start":{"line":16,"column":4},"end":{"line":16,"column":77}}},"4":{"name":"votingDelay","line":19,"loc":{"start":{"line":19,"column":4},"end":{"line":19,"column":66}}},"5":{"name":"votingPeriod","line":23,"loc":{"start":{"line":23,"column":4},"end":{"line":23,"column":68}}},"6":{"name":"constructor","line":132,"loc":{"start":{"line":132,"column":4},"end":{"line":136,"column":4}}},"7":{"name":"propose","line":138,"loc":{"start":{"line":138,"column":4},"end":{"line":174,"column":4}}},"8":{"name":"queue","line":176,"loc":{"start":{"line":176,"column":4},"end":{"line":185,"column":4}}},"9":{"name":"_queueOrRevert","line":187,"loc":{"start":{"line":187,"column":4},"end":{"line":190,"column":4}}},"10":{"name":"execute","line":192,"loc":{"start":{"line":192,"column":4},"end":{"line":200,"column":4}}},"11":{"name":"cancel","line":202,"loc":{"start":{"line":202,"column":4},"end":{"line":215,"column":4}}},"12":{"name":"getActions","line":217,"loc":{"start":{"line":217,"column":4},"end":{"line":220,"column":4}}},"13":{"name":"getReceipt","line":222,"loc":{"start":{"line":222,"column":4},"end":{"line":224,"column":4}}},"14":{"name":"state","line":226,"loc":{"start":{"line":226,"column":4},"end":{"line":246,"column":4}}},"15":{"name":"castVote","line":248,"loc":{"start":{"line":248,"column":4},"end":{"line":250,"column":4}}},"16":{"name":"castVoteBySig","line":252,"loc":{"start":{"line":252,"column":4},"end":{"line":259,"column":4}}},"17":{"name":"_castVote","line":261,"loc":{"start":{"line":261,"column":4},"end":{"line":279,"column":4}}},"18":{"name":"__acceptAdmin","line":281,"loc":{"start":{"line":281,"column":4},"end":{"line":284,"column":4}}},"19":{"name":"__abdicate","line":286,"loc":{"start":{"line":286,"column":4},"end":{"line":289,"column":4}}},"20":{"name":"__queueSetTimelockPendingAdmin","line":291,"loc":{"start":{"line":291,"column":4},"end":{"line":294,"column":4}}},"21":{"name":"__executeSetTimelockPendingAdmin","line":296,"loc":{"start":{"line":296,"column":4},"end":{"line":299,"column":4}}},"22":{"name":"add256","line":301,"loc":{"start":{"line":301,"column":4},"end":{"line":305,"column":4}}},"23":{"name":"sub256","line":307,"loc":{"start":{"line":307,"column":4},"end":{"line":310,"column":4}}},"24":{"name":"getChainId","line":312,"loc":{"start":{"line":312,"column":4},"end":{"line":316,"column":4}}}},"statementMap":{"1":{"start":{"line":10,"column":56},"end":{"line":10,"column":72}},"2":{"start":{"line":13,"column":62},"end":{"line":13,"column":78}},"3":{"start":{"line":16,"column":66},"end":{"line":16,"column":75}},"4":{"start":{"line":19,"column":56},"end":{"line":19,"column":64}},"5":{"start":{"line":23,"column":57},"end":{"line":23,"column":66}},"6":{"start":{"line":133,"column":8},"end":{"line":133,"column":46}},"7":{"start":{"line":134,"column":8},"end":{"line":134,"column":31}},"8":{"start":{"line":135,"column":8},"end":{"line":135,"column":27}},"9":{"start":{"line":139,"column":8},"end":{"line":139,"column":156}},"10":{"start":{"line":140,"column":8},"end":{"line":140,"column":193}},"11":{"start":{"line":141,"column":8},"end":{"line":141,"column":80}},"12":{"start":{"line":142,"column":8},"end":{"line":142,"column":98}},"13":{"start":{"line":144,"column":8},"end":{"line":144,"column":61}},"14":{"start":{"line":145,"column":8},"end":{"line":145,"column":5866}},"15":{"start":{"line":146,"column":10},"end":{"line":146,"column":78}},"16":{"start":{"line":147,"column":10},"end":{"line":147,"column":159}},"17":{"start":{"line":148,"column":10},"end":{"line":148,"column":161}},"18":{"start":{"line":151,"column":8},"end":{"line":151,"column":61}},"19":{"start":{"line":152,"column":8},"end":{"line":152,"column":58}},"20":{"start":{"line":155,"column":8},"end":{"line":155,"column":63}},"21":{"start":{"line":156,"column":8},"end":{"line":156,"column":37}},"22":{"start":{"line":157,"column":8},"end":{"line":157,"column":40}},"23":{"start":{"line":158,"column":8},"end":{"line":158,"column":26}},"24":{"start":{"line":159,"column":8},"end":{"line":159,"column":36}},"25":{"start":{"line":160,"column":8},"end":{"line":160,"column":34}},"26":{"start":{"line":161,"column":8},"end":{"line":161,"column":42}},"27":{"start":{"line":162,"column":8},"end":{"line":162,"column":40}},"28":{"start":{"line":163,"column":8},"end":{"line":163,"column":42}},"29":{"start":{"line":164,"column":8},"end":{"line":164,"column":38}},"30":{"start":{"line":165,"column":8},"end":{"line":165,"column":31}},"31":{"start":{"line":166,"column":8},"end":{"line":166,"column":35}},"32":{"start":{"line":167,"column":8},"end":{"line":167,"column":35}},"33":{"start":{"line":168,"column":8},"end":{"line":168,"column":35}},"34":{"start":{"line":170,"column":8},"end":{"line":170,"column":63}},"35":{"start":{"line":172,"column":8},"end":{"line":172,"column":131}},"36":{"start":{"line":173,"column":8},"end":{"line":173,"column":29}},"37":{"start":{"line":177,"column":8},"end":{"line":177,"column":129}},"38":{"start":{"line":178,"column":8},"end":{"line":178,"column":57}},"39":{"start":{"line":179,"column":8},"end":{"line":179,"column":60}},"40":{"start":{"line":180,"column":8},"end":{"line":180,"column":7581}},"41":{"start":{"line":181,"column":12},"end":{"line":181,"column":118}},"42":{"start":{"line":183,"column":8},"end":{"line":183,"column":25}},"43":{"start":{"line":184,"column":8},"end":{"line":184,"column":44}},"44":{"start":{"line":188,"column":8},"end":{"line":188,"column":173}},"45":{"start":{"line":189,"column":8},"end":{"line":189,"column":69}},"46":{"start":{"line":193,"column":8},"end":{"line":193,"column":127}},"47":{"start":{"line":194,"column":8},"end":{"line":194,"column":57}},"48":{"start":{"line":195,"column":8},"end":{"line":195,"column":31}},"49":{"start":{"line":196,"column":8},"end":{"line":196,"column":8508}},"50":{"start":{"line":197,"column":12},"end":{"line":197,"column":167}},"51":{"start":{"line":199,"column":8},"end":{"line":199,"column":41}},"52":{"start":{"line":203,"column":8},"end":{"line":203,"column":61}},"53":{"start":{"line":204,"column":8},"end":{"line":204,"column":116}},"54":{"start":{"line":206,"column":8},"end":{"line":206,"column":57}},"55":{"start":{"line":207,"column":8},"end":{"line":207,"column":173}},"56":{"start":{"line":209,"column":8},"end":{"line":209,"column":31}},"57":{"start":{"line":210,"column":8},"end":{"line":210,"column":9298}},"58":{"start":{"line":211,"column":12},"end":{"line":211,"column":139}},"59":{"start":{"line":214,"column":8},"end":{"line":214,"column":41}},"60":{"start":{"line":218,"column":8},"end":{"line":218,"column":50}},"61":{"start":{"line":219,"column":8},"end":{"line":219,"column":63}},"62":{"start":{"line":223,"column":8},"end":{"line":223,"column":52}},"63":{"start":{"line":227,"column":8},"end":{"line":227,"column":103}},"64":{"start":{"line":228,"column":8},"end":{"line":228,"column":57}},"65":{"start":{"line":229,"column":8},"end":{"line":229,"column":10247}},"66":{"start":{"line":230,"column":12},"end":{"line":230,"column":41}},"67":{"start":{"line":231,"column":15},"end":{"line":231,"column":10330}},"68":{"start":{"line":232,"column":12},"end":{"line":232,"column":40}},"69":{"start":{"line":233,"column":15},"end":{"line":233,"column":10430}},"70":{"start":{"line":234,"column":12},"end":{"line":234,"column":39}},"71":{"start":{"line":235,"column":15},"end":{"line":235,"column":10527}},"72":{"start":{"line":236,"column":12},"end":{"line":236,"column":41}},"73":{"start":{"line":237,"column":15},"end":{"line":237,"column":10672}},"74":{"start":{"line":238,"column":12},"end":{"line":238,"column":42}},"75":{"start":{"line":239,"column":15},"end":{"line":239,"column":10756}},"76":{"start":{"line":240,"column":12},"end":{"line":240,"column":41}},"77":{"start":{"line":241,"column":15},"end":{"line":241,"column":10839}},"78":{"start":{"line":242,"column":12},"end":{"line":242,"column":40}},"79":{"start":{"line":244,"column":12},"end":{"line":244,"column":39}},"80":{"start":{"line":249,"column":8},"end":{"line":249,"column":57}},"81":{"start":{"line":253,"column":8},"end":{"line":253,"column":125}},"82":{"start":{"line":254,"column":8},"end":{"line":254,"column":88}},"83":{"start":{"line":255,"column":8},"end":{"line":255,"column":93}},"84":{"start":{"line":256,"column":8},"end":{"line":256,"column":54}},"85":{"start":{"line":257,"column":8},"end":{"line":257,"column":87}},"86":{"start":{"line":258,"column":8},"end":{"line":258,"column":56}},"87":{"start":{"line":262,"column":8},"end":{"line":262,"column":100}},"88":{"start":{"line":263,"column":8},"end":{"line":263,"column":57}},"89":{"start":{"line":264,"column":8},"end":{"line":264,"column":58}},"90":{"start":{"line":265,"column":8},"end":{"line":265,"column":87}},"91":{"start":{"line":266,"column":8},"end":{"line":266,"column":68}},"92":{"start":{"line":268,"column":8},"end":{"line":268,"column":12248}},"93":{"start":{"line":269,"column":12},"end":{"line":269,"column":63}},"94":{"start":{"line":271,"column":12},"end":{"line":271,"column":71}},"95":{"start":{"line":274,"column":8},"end":{"line":274,"column":30}},"96":{"start":{"line":275,"column":8},"end":{"line":275,"column":32}},"97":{"start":{"line":276,"column":8},"end":{"line":276,"column":28}},"98":{"start":{"line":278,"column":8},"end":{"line":278,"column":56}},"99":{"start":{"line":282,"column":8},"end":{"line":282,"column":96}},"100":{"start":{"line":283,"column":8},"end":{"line":283,"column":29}},"101":{"start":{"line":287,"column":8},"end":{"line":287,"column":93}},"102":{"start":{"line":288,"column":8},"end":{"line":288,"column":28}},"103":{"start":{"line":292,"column":8},"end":{"line":292,"column":113}},"104":{"start":{"line":293,"column":8},"end":{"line":293,"column":116}},"105":{"start":{"line":297,"column":8},"end":{"line":297,"column":115}},"106":{"start":{"line":298,"column":8},"end":{"line":298,"column":118}},"107":{"start":{"line":302,"column":8},"end":{"line":302,"column":22}},"108":{"start":{"line":303,"column":8},"end":{"line":303,"column":43}},"109":{"start":{"line":304,"column":8},"end":{"line":304,"column":16}},"110":{"start":{"line":308,"column":8},"end":{"line":308,"column":47}},"111":{"start":{"line":309,"column":8},"end":{"line":309,"column":20}},"112":{"start":{"line":313,"column":8},"end":{"line":313,"column":20}},"113":{"start":{"line":315,"column":8},"end":{"line":315,"column":22}}},"branchMap":{"1":{"line":139,"type":"if","locations":[{"start":{"line":139,"column":8},"end":{"line":139,"column":8}},{"start":{"line":139,"column":8},"end":{"line":139,"column":8}}]},"2":{"line":140,"type":"if","locations":[{"start":{"line":140,"column":8},"end":{"line":140,"column":8}},{"start":{"line":140,"column":8},"end":{"line":140,"column":8}}]},"3":{"line":141,"type":"if","locations":[{"start":{"line":141,"column":8},"end":{"line":141,"column":8}},{"start":{"line":141,"column":8},"end":{"line":141,"column":8}}]},"4":{"line":142,"type":"if","locations":[{"start":{"line":142,"column":8},"end":{"line":142,"column":8}},{"start":{"line":142,"column":8},"end":{"line":142,"column":8}}]},"5":{"line":145,"type":"if","locations":[{"start":{"line":145,"column":8},"end":{"line":145,"column":8}},{"start":{"line":145,"column":8},"end":{"line":145,"column":8}}]},"6":{"line":147,"type":"if","locations":[{"start":{"line":147,"column":10},"end":{"line":147,"column":10}},{"start":{"line":147,"column":10},"end":{"line":147,"column":10}}]},"7":{"line":148,"type":"if","locations":[{"start":{"line":148,"column":10},"end":{"line":148,"column":10}},{"start":{"line":148,"column":10},"end":{"line":148,"column":10}}]},"8":{"line":177,"type":"if","locations":[{"start":{"line":177,"column":8},"end":{"line":177,"column":8}},{"start":{"line":177,"column":8},"end":{"line":177,"column":8}}]},"9":{"line":188,"type":"if","locations":[{"start":{"line":188,"column":8},"end":{"line":188,"column":8}},{"start":{"line":188,"column":8},"end":{"line":188,"column":8}}]},"10":{"line":193,"type":"if","locations":[{"start":{"line":193,"column":8},"end":{"line":193,"column":8}},{"start":{"line":193,"column":8},"end":{"line":193,"column":8}}]},"11":{"line":204,"type":"if","locations":[{"start":{"line":204,"column":8},"end":{"line":204,"column":8}},{"start":{"line":204,"column":8},"end":{"line":204,"column":8}}]},"12":{"line":207,"type":"if","locations":[{"start":{"line":207,"column":8},"end":{"line":207,"column":8}},{"start":{"line":207,"column":8},"end":{"line":207,"column":8}}]},"13":{"line":227,"type":"if","locations":[{"start":{"line":227,"column":8},"end":{"line":227,"column":8}},{"start":{"line":227,"column":8},"end":{"line":227,"column":8}}]},"14":{"line":229,"type":"if","locations":[{"start":{"line":229,"column":8},"end":{"line":229,"column":8}},{"start":{"line":229,"column":8},"end":{"line":229,"column":8}}]},"15":{"line":231,"type":"if","locations":[{"start":{"line":231,"column":15},"end":{"line":231,"column":15}},{"start":{"line":231,"column":15},"end":{"line":231,"column":15}}]},"16":{"line":233,"type":"if","locations":[{"start":{"line":233,"column":15},"end":{"line":233,"column":15}},{"start":{"line":233,"column":15},"end":{"line":233,"column":15}}]},"17":{"line":235,"type":"if","locations":[{"start":{"line":235,"column":15},"end":{"line":235,"column":15}},{"start":{"line":235,"column":15},"end":{"line":235,"column":15}}]},"18":{"line":237,"type":"if","locations":[{"start":{"line":237,"column":15},"end":{"line":237,"column":15}},{"start":{"line":237,"column":15},"end":{"line":237,"column":15}}]},"19":{"line":239,"type":"if","locations":[{"start":{"line":239,"column":15},"end":{"line":239,"column":15}},{"start":{"line":239,"column":15},"end":{"line":239,"column":15}}]},"20":{"line":241,"type":"if","locations":[{"start":{"line":241,"column":15},"end":{"line":241,"column":15}},{"start":{"line":241,"column":15},"end":{"line":241,"column":15}}]},"21":{"line":257,"type":"if","locations":[{"start":{"line":257,"column":8},"end":{"line":257,"column":8}},{"start":{"line":257,"column":8},"end":{"line":257,"column":8}}]},"22":{"line":262,"type":"if","locations":[{"start":{"line":262,"column":8},"end":{"line":262,"column":8}},{"start":{"line":262,"column":8},"end":{"line":262,"column":8}}]},"23":{"line":265,"type":"if","locations":[{"start":{"line":265,"column":8},"end":{"line":265,"column":8}},{"start":{"line":265,"column":8},"end":{"line":265,"column":8}}]},"24":{"line":268,"type":"if","locations":[{"start":{"line":268,"column":8},"end":{"line":268,"column":8}},{"start":{"line":268,"column":8},"end":{"line":268,"column":8}}]},"25":{"line":282,"type":"if","locations":[{"start":{"line":282,"column":8},"end":{"line":282,"column":8}},{"start":{"line":282,"column":8},"end":{"line":282,"column":8}}]},"26":{"line":287,"type":"if","locations":[{"start":{"line":287,"column":8},"end":{"line":287,"column":8}},{"start":{"line":287,"column":8},"end":{"line":287,"column":8}}]},"27":{"line":292,"type":"if","locations":[{"start":{"line":292,"column":8},"end":{"line":292,"column":8}},{"start":{"line":292,"column":8},"end":{"line":292,"column":8}}]},"28":{"line":297,"type":"if","locations":[{"start":{"line":297,"column":8},"end":{"line":297,"column":8}},{"start":{"line":297,"column":8},"end":{"line":297,"column":8}}]},"29":{"line":303,"type":"if","locations":[{"start":{"line":303,"column":8},"end":{"line":303,"column":8}},{"start":{"line":303,"column":8},"end":{"line":303,"column":8}}]},"30":{"line":308,"type":"if","locations":[{"start":{"line":308,"column":8},"end":{"line":308,"column":8}},{"start":{"line":308,"column":8},"end":{"line":308,"column":8}}]}}},"contracts/Governance/SafeMath.sol":{"l":{"30":21,"31":21,"33":21,"45":0,"46":0,"48":0,"60":0,"72":0,"73":0,"75":0,"90":0,"91":0,"94":0,"95":0,"97":0,"112":0,"113":0,"116":0,"117":0,"119":0,"134":0,"150":0,"151":0,"154":0,"169":0,"184":0,"185":0},"path":"/Users/nemitariajienka/Desktop/projects/governance/contracts/Governance/SafeMath.sol","s":{"1":21,"2":21,"3":21,"4":0,"5":0,"6":0,"7":0,"8":0,"9":0,"10":0,"11":0,"12":0,"13":0,"14":0,"15":0,"16":0,"17":0,"18":0,"19":0,"20":0,"21":0,"22":0,"23":0,"24":0,"25":0,"26":0,"27":0},"b":{"1":[21,0],"2":[0,0],"3":[0,0],"4":[0,0],"5":[0,0],"6":[0,0],"7":[0,0],"8":[0,0],"9":[0,0]},"f":{"1":21,"2":0,"3":0,"4":0,"5":0,"6":0,"7":0,"8":0,"9":0,"10":0},"fnMap":{"1":{"name":"add","line":29,"loc":{"start":{"line":29,"column":4},"end":{"line":34,"column":4}}},"2":{"name":"add","line":44,"loc":{"start":{"line":44,"column":4},"end":{"line":49,"column":4}}},"3":{"name":"sub","line":59,"loc":{"start":{"line":59,"column":4},"end":{"line":61,"column":4}}},"4":{"name":"sub","line":71,"loc":{"start":{"line":71,"column":4},"end":{"line":76,"column":4}}},"5":{"name":"mul","line":86,"loc":{"start":{"line":86,"column":4},"end":{"line":98,"column":4}}},"6":{"name":"mul","line":108,"loc":{"start":{"line":108,"column":4},"end":{"line":120,"column":4}}},"7":{"name":"div","line":133,"loc":{"start":{"line":133,"column":4},"end":{"line":135,"column":4}}},"8":{"name":"div","line":148,"loc":{"start":{"line":148,"column":4},"end":{"line":155,"column":4}}},"9":{"name":"mod","line":168,"loc":{"start":{"line":168,"column":4},"end":{"line":170,"column":4}}},"10":{"name":"mod","line":183,"loc":{"start":{"line":183,"column":4},"end":{"line":186,"column":4}}}},"statementMap":{"1":{"start":{"line":30,"column":8},"end":{"line":30,"column":25}},"2":{"start":{"line":31,"column":8},"end":{"line":31,"column":53}},"3":{"start":{"line":33,"column":8},"end":{"line":33,"column":16}},"4":{"start":{"line":45,"column":8},"end":{"line":45,"column":25}},"5":{"start":{"line":46,"column":8},"end":{"line":46,"column":36}},"6":{"start":{"line":48,"column":8},"end":{"line":48,"column":16}},"7":{"start":{"line":60,"column":8},"end":{"line":60,"column":59}},"8":{"start":{"line":72,"column":8},"end":{"line":72,"column":36}},"9":{"start":{"line":73,"column":8},"end":{"line":73,"column":25}},"10":{"start":{"line":75,"column":8},"end":{"line":75,"column":16}},"11":{"start":{"line":90,"column":8},"end":{"line":90,"column":2990}},"12":{"start":{"line":91,"column":12},"end":{"line":91,"column":20}},"13":{"start":{"line":94,"column":8},"end":{"line":94,"column":25}},"14":{"start":{"line":95,"column":8},"end":{"line":95,"column":63}},"15":{"start":{"line":97,"column":8},"end":{"line":97,"column":16}},"16":{"start":{"line":112,"column":8},"end":{"line":112,"column":3710}},"17":{"start":{"line":113,"column":12},"end":{"line":113,"column":20}},"18":{"start":{"line":116,"column":8},"end":{"line":116,"column":25}},"19":{"start":{"line":117,"column":8},"end":{"line":117,"column":40}},"20":{"start":{"line":119,"column":8},"end":{"line":119,"column":16}},"21":{"start":{"line":134,"column":8},"end":{"line":134,"column":54}},"22":{"start":{"line":150,"column":8},"end":{"line":150,"column":35}},"23":{"start":{"line":151,"column":8},"end":{"line":151,"column":25}},"24":{"start":{"line":154,"column":8},"end":{"line":154,"column":16}},"25":{"start":{"line":169,"column":8},"end":{"line":169,"column":52}},"26":{"start":{"line":184,"column":8},"end":{"line":184,"column":36}},"27":{"start":{"line":185,"column":8},"end":{"line":185,"column":20}}},"branchMap":{"1":{"line":31,"type":"if","locations":[{"start":{"line":31,"column":8},"end":{"line":31,"column":8}},{"start":{"line":31,"column":8},"end":{"line":31,"column":8}}]},"2":{"line":46,"type":"if","locations":[{"start":{"line":46,"column":8},"end":{"line":46,"column":8}},{"start":{"line":46,"column":8},"end":{"line":46,"column":8}}]},"3":{"line":72,"type":"if","locations":[{"start":{"line":72,"column":8},"end":{"line":72,"column":8}},{"start":{"line":72,"column":8},"end":{"line":72,"column":8}}]},"4":{"line":90,"type":"if","locations":[{"start":{"line":90,"column":8},"end":{"line":90,"column":8}},{"start":{"line":90,"column":8},"end":{"line":90,"column":8}}]},"5":{"line":95,"type":"if","locations":[{"start":{"line":95,"column":8},"end":{"line":95,"column":8}},{"start":{"line":95,"column":8},"end":{"line":95,"column":8}}]},"6":{"line":112,"type":"if","locations":[{"start":{"line":112,"column":8},"end":{"line":112,"column":8}},{"start":{"line":112,"column":8},"end":{"line":112,"column":8}}]},"7":{"line":117,"type":"if","locations":[{"start":{"line":117,"column":8},"end":{"line":117,"column":8}},{"start":{"line":117,"column":8},"end":{"line":117,"column":8}}]},"8":{"line":150,"type":"if","locations":[{"start":{"line":150,"column":8},"end":{"line":150,"column":8}},{"start":{"line":150,"column":8},"end":{"line":150,"column":8}}]},"9":{"line":184,"type":"if","locations":[{"start":{"line":184,"column":8},"end":{"line":184,"column":8}},{"start":{"line":184,"column":8},"end":{"line":184,"column":8}}]}}},"contracts/Governance/Timelock.sol":{"l":{"30":16,"31":16,"33":16,"34":16,"40":0,"41":0,"42":0,"43":0,"45":0,"49":1,"50":1,"51":1,"53":1,"57":2,"58":2,"60":2,"64":14,"65":12,"67":12,"68":12,"70":12,"71":12,"75":1,"77":1,"78":1,"80":1,"84":11,"86":9,"87":9,"88":9,"89":9,"91":9,"93":9,"95":9,"96":0,"98":9,"102":9,"103":9,"104":5,"106":5,"111":30},"path":"/Users/nemitariajienka/Desktop/projects/governance/contracts/Governance/Timelock.sol","s":{"1":16,"2":16,"3":16,"4":16,"5":0,"6":0,"7":0,"8":0,"9":0,"10":1,"11":1,"12":1,"13":1,"14":2,"15":2,"16":2,"17":14,"18":12,"19":12,"20":12,"21":12,"22":12,"23":1,"24":1,"25":1,"26":1,"27":11,"28":9,"29":9,"30":9,"31":9,"32":9,"33":9,"34":9,"35":0,"36":9,"37":9,"38":9,"39":5,"40":5,"41":30},"b":{"1":[16,0],"2":[16,0],"3":[0,0],"4":[0,0],"5":[0,0],"6":[1,0],"7":[2,0],"8":[12,2],"9":[12,0],"10":[1,0],"11":[9,2],"12":[9,0],"13":[9,0],"14":[9,0],"15":[0,9],"16":[5,4]},"f":{"1":16,"2":0,"3":1,"4":2,"5":14,"6":1,"7":11,"8":30},"fnMap":{"1":{"name":"constructor","line":29,"loc":{"start":{"line":29,"column":4},"end":{"line":35,"column":4}}},"2":{"name":"setDelay","line":39,"loc":{"start":{"line":39,"column":4},"end":{"line":46,"column":4}}},"3":{"name":"acceptAdmin","line":48,"loc":{"start":{"line":48,"column":4},"end":{"line":54,"column":4}}},"4":{"name":"setPendingAdmin","line":56,"loc":{"start":{"line":56,"column":4},"end":{"line":61,"column":4}}},"5":{"name":"queueTransaction","line":63,"loc":{"start":{"line":63,"column":4},"end":{"line":72,"column":4}}},"6":{"name":"cancelTransaction","line":74,"loc":{"start":{"line":74,"column":4},"end":{"line":81,"column":4}}},"7":{"name":"executeTransaction","line":83,"loc":{"start":{"line":83,"column":4},"end":{"line":107,"column":4}}},"8":{"name":"getBlockTimestamp","line":109,"loc":{"start":{"line":109,"column":4},"end":{"line":112,"column":4}}}},"statementMap":{"1":{"start":{"line":30,"column":8},"end":{"line":30,"column":98}},"2":{"start":{"line":31,"column":8},"end":{"line":31,"column":99}},"3":{"start":{"line":33,"column":8},"end":{"line":33,"column":21}},"4":{"start":{"line":34,"column":8},"end":{"line":34,"column":21}},"5":{"start":{"line":40,"column":8},"end":{"line":40,"column":96}},"6":{"start":{"line":41,"column":8},"end":{"line":41,"column":95}},"7":{"start":{"line":42,"column":8},"end":{"line":42,"column":99}},"8":{"start":{"line":43,"column":8},"end":{"line":43,"column":21}},"9":{"start":{"line":45,"column":8},"end":{"line":45,"column":28}},"10":{"start":{"line":49,"column":8},"end":{"line":49,"column":102}},"11":{"start":{"line":50,"column":8},"end":{"line":50,"column":25}},"12":{"start":{"line":51,"column":8},"end":{"line":51,"column":32}},"13":{"start":{"line":53,"column":8},"end":{"line":53,"column":28}},"14":{"start":{"line":57,"column":8},"end":{"line":57,"column":103}},"15":{"start":{"line":58,"column":8},"end":{"line":58,"column":35}},"16":{"start":{"line":60,"column":8},"end":{"line":60,"column":42}},"17":{"start":{"line":64,"column":8},"end":{"line":64,"column":93}},"18":{"start":{"line":65,"column":8},"end":{"line":65,"column":130}},"19":{"start":{"line":67,"column":8},"end":{"line":67,"column":83}},"20":{"start":{"line":68,"column":8},"end":{"line":68,"column":40}},"21":{"start":{"line":70,"column":8},"end":{"line":70,"column":74}},"22":{"start":{"line":71,"column":8},"end":{"line":71,"column":21}},"23":{"start":{"line":75,"column":8},"end":{"line":75,"column":94}},"24":{"start":{"line":77,"column":8},"end":{"line":77,"column":83}},"25":{"start":{"line":78,"column":8},"end":{"line":78,"column":41}},"26":{"start":{"line":80,"column":8},"end":{"line":80,"column":75}},"27":{"start":{"line":84,"column":8},"end":{"line":84,"column":95}},"28":{"start":{"line":86,"column":8},"end":{"line":86,"column":83}},"29":{"start":{"line":87,"column":8},"end":{"line":87,"column":107}},"30":{"start":{"line":88,"column":8},"end":{"line":88,"column":115}},"31":{"start":{"line":89,"column":8},"end":{"line":89,"column":115}},"32":{"start":{"line":91,"column":8},"end":{"line":91,"column":41}},"33":{"start":{"line":93,"column":8},"end":{"line":93,"column":29}},"34":{"start":{"line":95,"column":8},"end":{"line":95,"column":4196}},"35":{"start":{"line":96,"column":12},"end":{"line":96,"column":26}},"36":{"start":{"line":98,"column":12},"end":{"line":98,"column":81}},"37":{"start":{"line":102,"column":8},"end":{"line":102,"column":85}},"38":{"start":{"line":103,"column":8},"end":{"line":103,"column":88}},"39":{"start":{"line":104,"column":8},"end":{"line":104,"column":76}},"40":{"start":{"line":106,"column":8},"end":{"line":106,"column":25}},"41":{"start":{"line":111,"column":8},"end":{"line":111,"column":30}}},"branchMap":{"1":{"line":30,"type":"if","locations":[{"start":{"line":30,"column":8},"end":{"line":30,"column":8}},{"start":{"line":30,"column":8},"end":{"line":30,"column":8}}]},"2":{"line":31,"type":"if","locations":[{"start":{"line":31,"column":8},"end":{"line":31,"column":8}},{"start":{"line":31,"column":8},"end":{"line":31,"column":8}}]},"3":{"line":40,"type":"if","locations":[{"start":{"line":40,"column":8},"end":{"line":40,"column":8}},{"start":{"line":40,"column":8},"end":{"line":40,"column":8}}]},"4":{"line":41,"type":"if","locations":[{"start":{"line":41,"column":8},"end":{"line":41,"column":8}},{"start":{"line":41,"column":8},"end":{"line":41,"column":8}}]},"5":{"line":42,"type":"if","locations":[{"start":{"line":42,"column":8},"end":{"line":42,"column":8}},{"start":{"line":42,"column":8},"end":{"line":42,"column":8}}]},"6":{"line":49,"type":"if","locations":[{"start":{"line":49,"column":8},"end":{"line":49,"column":8}},{"start":{"line":49,"column":8},"end":{"line":49,"column":8}}]},"7":{"line":57,"type":"if","locations":[{"start":{"line":57,"column":8},"end":{"line":57,"column":8}},{"start":{"line":57,"column":8},"end":{"line":57,"column":8}}]},"8":{"line":64,"type":"if","locations":[{"start":{"line":64,"column":8},"end":{"line":64,"column":8}},{"start":{"line":64,"column":8},"end":{"line":64,"column":8}}]},"9":{"line":65,"type":"if","locations":[{"start":{"line":65,"column":8},"end":{"line":65,"column":8}},{"start":{"line":65,"column":8},"end":{"line":65,"column":8}}]},"10":{"line":75,"type":"if","locations":[{"start":{"line":75,"column":8},"end":{"line":75,"column":8}},{"start":{"line":75,"column":8},"end":{"line":75,"column":8}}]},"11":{"line":84,"type":"if","locations":[{"start":{"line":84,"column":8},"end":{"line":84,"column":8}},{"start":{"line":84,"column":8},"end":{"line":84,"column":8}}]},"12":{"line":87,"type":"if","locations":[{"start":{"line":87,"column":8},"end":{"line":87,"column":8}},{"start":{"line":87,"column":8},"end":{"line":87,"column":8}}]},"13":{"line":88,"type":"if","locations":[{"start":{"line":88,"column":8},"end":{"line":88,"column":8}},{"start":{"line":88,"column":8},"end":{"line":88,"column":8}}]},"14":{"line":89,"type":"if","locations":[{"start":{"line":89,"column":8},"end":{"line":89,"column":8}},{"start":{"line":89,"column":8},"end":{"line":89,"column":8}}]},"15":{"line":95,"type":"if","locations":[{"start":{"line":95,"column":8},"end":{"line":95,"column":8}},{"start":{"line":95,"column":8},"end":{"line":95,"column":8}}]},"16":{"line":103,"type":"if","locations":[{"start":{"line":103,"column":8},"end":{"line":103,"column":8}},{"start":{"line":103,"column":8},"end":{"line":103,"column":8}}]}}},"contracts/Test/Store.sol":{"l":{"12":4,"13":4,"17":1,"18":1,"19":1,"20":1,"24":1,"25":1,"26":1,"27":1,"28":1,"32":8},"path":"/Users/nemitariajienka/Desktop/projects/governance/contracts/Test/Store.sol","s":{"1":4,"2":4,"3":1,"4":1,"5":1,"6":1,"7":1,"8":1,"9":1,"10":1,"11":1,"12":8},"b":{"1":[4,0],"2":[1,0],"3":[1,0],"4":[1,0],"5":[1,0],"6":[1,0]},"f":{"1":4,"2":1,"3":1,"4":8},"fnMap":{"1":{"name":"constructor","line":11,"loc":{"start":{"line":11,"column":4},"end":{"line":14,"column":4}}},"2":{"name":"setNum","line":16,"loc":{"start":{"line":16,"column":4},"end":{"line":21,"column":4}}},"3":{"name":"paySetNum","line":23,"loc":{"start":{"line":23,"column":4},"end":{"line":29,"column":4}}},"4":{"name":"getNum","line":31,"loc":{"start":{"line":31,"column":4},"end":{"line":33,"column":4}}}},"statementMap":{"1":{"start":{"line":12,"column":8},"end":{"line":12,"column":55}},"2":{"start":{"line":13,"column":8},"end":{"line":13,"column":21}},"3":{"start":{"line":17,"column":8},"end":{"line":17,"column":44}},"4":{"start":{"line":18,"column":8},"end":{"line":18,"column":53}},"5":{"start":{"line":19,"column":8},"end":{"line":19,"column":19}},"6":{"start":{"line":20,"column":8},"end":{"line":20,"column":27}},"7":{"start":{"line":24,"column":8},"end":{"line":24,"column":59}},"8":{"start":{"line":25,"column":8},"end":{"line":25,"column":44}},"9":{"start":{"line":26,"column":8},"end":{"line":26,"column":53}},"10":{"start":{"line":27,"column":8},"end":{"line":27,"column":19}},"11":{"start":{"line":28,"column":8},"end":{"line":28,"column":27}},"12":{"start":{"line":32,"column":8},"end":{"line":32,"column":18}}},"branchMap":{"1":{"line":12,"type":"if","locations":[{"start":{"line":12,"column":8},"end":{"line":12,"column":8}},{"start":{"line":12,"column":8},"end":{"line":12,"column":8}}]},"2":{"line":17,"type":"if","locations":[{"start":{"line":17,"column":8},"end":{"line":17,"column":8}},{"start":{"line":17,"column":8},"end":{"line":17,"column":8}}]},"3":{"line":18,"type":"if","locations":[{"start":{"line":18,"column":8},"end":{"line":18,"column":8}},{"start":{"line":18,"column":8},"end":{"line":18,"column":8}}]},"4":{"line":24,"type":"if","locations":[{"start":{"line":24,"column":8},"end":{"line":24,"column":8}},{"start":{"line":24,"column":8},"end":{"line":24,"column":8}}]},"5":{"line":25,"type":"if","locations":[{"start":{"line":25,"column":8},"end":{"line":25,"column":8}},{"start":{"line":25,"column":8},"end":{"line":25,"column":8}}]},"6":{"line":26,"type":"if","locations":[{"start":{"line":26,"column":8},"end":{"line":26,"column":8}},{"start":{"line":26,"column":8},"end":{"line":26,"column":8}}]}}},"contracts/TimelockHarness.sol":{"l":{"16":0,"20":2,"26":0,"30":0,"31":0,"35":0},"path":"/Users/nemitariajienka/Desktop/projects/governance/contracts/TimelockHarness.sol","s":{"1":0,"2":2,"3":0,"4":0,"5":0,"6":0},"b":{"1":[0,0]},"f":{"1":2,"2":0,"3":2,"4":0,"5":0,"6":0},"fnMap":{"1":{"name":"constructor","line":12,"loc":{"start":{"line":11,"column":4},"end":{"line":13,"column":4}}},"2":{"name":"harnessSetPendingAdmin","line":15,"loc":{"start":{"line":15,"column":4},"end":{"line":17,"column":4}}},"3":{"name":"harnessSetAdmin","line":19,"loc":{"start":{"line":19,"column":4},"end":{"line":21,"column":4}}},"4":{"name":"constructor","line":25,"loc":{"start":{"line":25,"column":4},"end":{"line":27,"column":4}}},"5":{"name":"harnessSetAdmin","line":29,"loc":{"start":{"line":29,"column":4},"end":{"line":32,"column":4}}},"6":{"name":"harnessAcceptAdmin","line":34,"loc":{"start":{"line":34,"column":4},"end":{"line":36,"column":4}}}},"statementMap":{"1":{"start":{"line":16,"column":8},"end":{"line":16,"column":35}},"2":{"start":{"line":20,"column":8},"end":{"line":20,"column":21}},"3":{"start":{"line":26,"column":8},"end":{"line":26,"column":21}},"4":{"start":{"line":30,"column":8},"end":{"line":30,"column":35}},"5":{"start":{"line":31,"column":8},"end":{"line":31,"column":21}},"6":{"start":{"line":35,"column":8},"end":{"line":35,"column":34}}},"branchMap":{"1":{"line":30,"type":"if","locations":[{"start":{"line":30,"column":8},"end":{"line":30,"column":8}},{"start":{"line":30,"column":8},"end":{"line":30,"column":8}}]}}}}