{"contracts/ERC20VotesMock.sol":{"l":{"11":91,"15":0,"19":0},"path":"/Users/nemitariajienka/Desktop/projects/governance/contracts/ERC20VotesMock.sol","s":{"1":91,"2":0,"3":0},"b":{},"f":{"1":91,"2":91,"3":0,"4":0},"fnMap":{"1":{"name":"constructor","line":8,"loc":{"start":{"line":8,"column":4},"end":{"line":8,"column":97}}},"2":{"name":"mint","line":10,"loc":{"start":{"line":10,"column":4},"end":{"line":12,"column":4}}},"3":{"name":"burn","line":14,"loc":{"start":{"line":14,"column":4},"end":{"line":16,"column":4}}},"4":{"name":"getChainId","line":18,"loc":{"start":{"line":18,"column":4},"end":{"line":20,"column":4}}}},"statementMap":{"1":{"start":{"line":11,"column":8},"end":{"line":11,"column":29}},"2":{"start":{"line":15,"column":8},"end":{"line":15,"column":29}},"3":{"start":{"line":19,"column":8},"end":{"line":19,"column":28}}},"branchMap":{}},"contracts/GovernorMock.sol":{"l":{"20":54,"21":54,"27":26,"31":26,"40":7,"50":29},"path":"/Users/nemitariajienka/Desktop/projects/governance/contracts/GovernorMock.sol","s":{"1":54,"2":54,"3":26,"4":26,"5":7,"6":29},"b":{},"f":{"1":54,"2":26,"3":26,"4":7,"5":29},"fnMap":{"1":{"name":"constructor","line":19,"loc":{"start":{"line":13,"column":4},"end":{"line":22,"column":4}}},"2":{"name":"votingDelay","line":26,"loc":{"start":{"line":26,"column":4},"end":{"line":28,"column":4}}},"3":{"name":"votingPeriod","line":30,"loc":{"start":{"line":30,"column":4},"end":{"line":32,"column":4}}},"4":{"name":"cancel","line":34,"loc":{"start":{"line":34,"column":4},"end":{"line":41,"column":4}}},"5":{"name":"getVotes","line":43,"loc":{"start":{"line":43,"column":4},"end":{"line":51,"column":4}}}},"statementMap":{"1":{"start":{"line":20,"column":8},"end":{"line":20,"column":34}},"2":{"start":{"line":21,"column":8},"end":{"line":21,"column":36}},"3":{"start":{"line":27,"column":8},"end":{"line":27,"column":27}},"4":{"start":{"line":31,"column":8},"end":{"line":31,"column":28}},"5":{"start":{"line":40,"column":8},"end":{"line":40,"column":56}},"6":{"start":{"line":50,"column":8},"end":{"line":50,"column":51}}},"branchMap":{}},"contracts/GovernorTimelockControlMock.sol":{"l":{"26":37,"27":37,"37":9,"41":9,"45":9,"54":23,"63":2,"76":41,"86":7,"95":2,"105":8,"109":3},"path":"/Users/nemitariajienka/Desktop/projects/governance/contracts/GovernorTimelockControlMock.sol","s":{"1":37,"2":37,"3":9,"4":9,"5":9,"6":23,"7":2,"8":41,"9":7,"10":2,"11":8,"12":3},"b":{},"f":{"1":37,"2":9,"3":9,"4":9,"5":23,"6":2,"7":41,"8":7,"9":2,"10":8,"11":3},"fnMap":{"1":{"name":"constructor","line":24,"loc":{"start":{"line":13,"column":4},"end":{"line":28,"column":4}}},"2":{"name":"supportsInterface","line":30,"loc":{"start":{"line":30,"column":4},"end":{"line":38,"column":4}}},"3":{"name":"votingDelay","line":40,"loc":{"start":{"line":40,"column":4},"end":{"line":42,"column":4}}},"4":{"name":"votingPeriod","line":44,"loc":{"start":{"line":44,"column":4},"end":{"line":46,"column":4}}},"5":{"name":"quorum","line":48,"loc":{"start":{"line":48,"column":4},"end":{"line":55,"column":4}}},"6":{"name":"cancel","line":57,"loc":{"start":{"line":57,"column":4},"end":{"line":64,"column":4}}},"7":{"name":"state","line":69,"loc":{"start":{"line":69,"column":4},"end":{"line":77,"column":4}}},"8":{"name":"_execute","line":79,"loc":{"start":{"line":79,"column":4},"end":{"line":87,"column":4}}},"9":{"name":"_cancel","line":89,"loc":{"start":{"line":89,"column":4},"end":{"line":96,"column":4}}},"10":{"name":"getVotes","line":98,"loc":{"start":{"line":98,"column":4},"end":{"line":106,"column":4}}},"11":{"name":"_executor","line":108,"loc":{"start":{"line":108,"column":4},"end":{"line":110,"column":4}}}},"statementMap":{"1":{"start":{"line":26,"column":8},"end":{"line":26,"column":34}},"2":{"start":{"line":27,"column":8},"end":{"line":27,"column":36}},"3":{"start":{"line":37,"column":8},"end":{"line":37,"column":51}},"4":{"start":{"line":41,"column":8},"end":{"line":41,"column":27}},"5":{"start":{"line":45,"column":8},"end":{"line":45,"column":28}},"6":{"start":{"line":54,"column":8},"end":{"line":54,"column":40}},"7":{"start":{"line":63,"column":8},"end":{"line":63,"column":67}},"8":{"start":{"line":76,"column":8},"end":{"line":76,"column":38}},"9":{"start":{"line":86,"column":8},"end":{"line":86,"column":78}},"10":{"start":{"line":95,"column":8},"end":{"line":95,"column":73}},"11":{"start":{"line":105,"column":8},"end":{"line":105,"column":51}},"12":{"start":{"line":109,"column":8},"end":{"line":109,"column":32}}},"branchMap":{}},"contracts/interfaces/IGovernor.sol":{"l":{},"path":"/Users/nemitariajienka/Desktop/projects/governance/contracts/interfaces/IGovernor.sol","s":{},"b":{},"f":{},"fnMap":{},"statementMap":{},"branchMap":{}},"contracts/test/CallReceiverMock.sol":{"l":{"13":16,"15":16,"19":0,"21":0,"25":0,"29":4,"33":2,"37":4,"41":2,"42":4,"47":0,"48":0},"path":"/Users/nemitariajienka/Desktop/projects/governance/contracts/test/CallReceiverMock.sol","s":{"1":16,"2":16,"3":0,"4":0,"5":0,"6":4,"7":2,"8":4,"9":2,"10":4,"11":0,"12":0},"b":{},"f":{"1":16,"2":0,"3":0,"4":4,"5":2,"6":4,"7":2,"8":0},"fnMap":{"1":{"name":"mockFunction","line":12,"loc":{"start":{"line":12,"column":4},"end":{"line":16,"column":4}}},"2":{"name":"mockFunctionNonPayable","line":18,"loc":{"start":{"line":18,"column":4},"end":{"line":22,"column":4}}},"3":{"name":"mockStaticFunction","line":24,"loc":{"start":{"line":24,"column":4},"end":{"line":26,"column":4}}},"4":{"name":"mockFunctionRevertsNoReason","line":28,"loc":{"start":{"line":28,"column":4},"end":{"line":30,"column":4}}},"5":{"name":"mockFunctionRevertsReason","line":32,"loc":{"start":{"line":32,"column":4},"end":{"line":34,"column":4}}},"6":{"name":"mockFunctionThrows","line":36,"loc":{"start":{"line":36,"column":4},"end":{"line":38,"column":4}}},"7":{"name":"mockFunctionOutOfGas","line":40,"loc":{"start":{"line":40,"column":4},"end":{"line":44,"column":4}}},"8":{"name":"mockFunctionWritesStorage","line":46,"loc":{"start":{"line":46,"column":4},"end":{"line":49,"column":4}}}},"statementMap":{"1":{"start":{"line":13,"column":8},"end":{"line":13,"column":33}},"2":{"start":{"line":15,"column":8},"end":{"line":15,"column":23}},"3":{"start":{"line":19,"column":8},"end":{"line":19,"column":33}},"4":{"start":{"line":21,"column":8},"end":{"line":21,"column":23}},"5":{"start":{"line":25,"column":8},"end":{"line":25,"column":23}},"6":{"start":{"line":29,"column":8},"end":{"line":29,"column":15}},"7":{"start":{"line":33,"column":8},"end":{"line":33,"column":44}},"8":{"start":{"line":37,"column":8},"end":{"line":37,"column":20}},"9":{"start":{"line":41,"column":8},"end":{"line":41,"column":911}},"10":{"start":{"line":42,"column":12},"end":{"line":42,"column":25}},"11":{"start":{"line":47,"column":8},"end":{"line":47,"column":26}},"12":{"start":{"line":48,"column":8},"end":{"line":48,"column":23}}},"branchMap":{}},"contracts/test/RegressionImplementation.sol":{"l":{"13":0,"23":1,"27":1,"37":0,"41":0,"51":0,"55":0,"59":0},"path":"/Users/nemitariajienka/Desktop/projects/governance/contracts/test/RegressionImplementation.sol","s":{"1":0,"2":1,"3":1,"4":0,"5":0,"6":0,"7":0,"8":0},"b":{},"f":{"1":0,"2":0,"3":0,"4":1,"5":1,"6":0,"7":0,"8":0,"9":0,"10":0,"11":0,"12":0},"fnMap":{"1":{"name":"initialize","line":10,"loc":{"start":{"line":10,"column":4},"end":{"line":10,"column":46}}},"2":{"name":"setValue","line":12,"loc":{"start":{"line":12,"column":4},"end":{"line":14,"column":4}}},"3":{"name":"initialize","line":20,"loc":{"start":{"line":20,"column":4},"end":{"line":20,"column":46}}},"4":{"name":"setValue","line":22,"loc":{"start":{"line":22,"column":4},"end":{"line":24,"column":4}}},"5":{"name":"getValue","line":26,"loc":{"start":{"line":26,"column":4},"end":{"line":28,"column":4}}},"6":{"name":"initialize","line":34,"loc":{"start":{"line":34,"column":4},"end":{"line":34,"column":46}}},"7":{"name":"setValue","line":36,"loc":{"start":{"line":36,"column":4},"end":{"line":38,"column":4}}},"8":{"name":"getValue","line":40,"loc":{"start":{"line":40,"column":4},"end":{"line":42,"column":4}}},"9":{"name":"initialize","line":48,"loc":{"start":{"line":48,"column":4},"end":{"line":48,"column":46}}},"10":{"name":"setValue","line":50,"loc":{"start":{"line":50,"column":4},"end":{"line":52,"column":4}}},"11":{"name":"getValue","line":54,"loc":{"start":{"line":54,"column":4},"end":{"line":56,"column":4}}},"12":{"name":null,"line":58,"loc":{"start":{"line":58,"column":4},"end":{"line":60,"column":4}}}},"statementMap":{"1":{"start":{"line":13,"column":8},"end":{"line":13,"column":23}},"2":{"start":{"line":23,"column":8},"end":{"line":23,"column":23}},"3":{"start":{"line":27,"column":8},"end":{"line":27,"column":21}},"4":{"start":{"line":37,"column":8},"end":{"line":37,"column":23}},"5":{"start":{"line":41,"column":8},"end":{"line":41,"column":31}},"6":{"start":{"line":51,"column":8},"end":{"line":51,"column":23}},"7":{"start":{"line":55,"column":8},"end":{"line":55,"column":21}},"8":{"start":{"line":59,"column":8},"end":{"line":59,"column":17}}},"branchMap":{}}}